Performing finite difference calculations
 13 displacements needed ... 1Performing finite difference calculations
 13 displacements needed ... 1Performing finite difference calculations
 13 displacements needed ... 1Performing finite difference calculations
 13 displacements needed ... 1Performing finite difference calculations
 13 displacements needed ... 1 2 2 3 3Optimizer: Optimization complete!
 13 displacements needed.
 1 2 3 4 4 5 6 4 7 8 5 9 10 11 5 12 6 13
Warning: used thermodynamics relations inappropriate for low-frequency modes: ['97.1784' '137.6970' '248.5529' '533.0498']
 6 7Traceback (most recent call last):
  File "/apps/gb/PSI4/1.4.0/bin/psi4", line 331, in <module>
    exec(content)
  File "<string>", line 39, in <module>
  File "/apps/gb/PSI4/1.4.0/lib//python3.6/site-packages/psi4/driver/driver.py", line 1178, in optimize
    raise OptimizationConvergenceError("""geometry optimization""", n - 1, wfn)

psi4.driver.p4util.exceptions.OptimizationConvergenceError: Could not converge geometry optimization in 50 iterations.

Printing out the relevant lines from the Psithon --> Python processed input file:
    core.set_global_option("REFERENCE", "uks")
    core.set_global_option("BASIS", "aug-cc-pvtz")
    core.set_global_option("G_CONVERGENCE", "gau_verytight")
    core.set_global_option("DFT_SPHERICAL_POINTS", 590)
    core.set_global_option("DFT_RADIAL_POINTS", 99)
--> optimize('wb97x-d')
    frequencies('wb97x-d')

Traceback (most recent call last):
  File "/apps/gb/PSI4/1.4.0/bin/psi4", line 331, in <module>
    exec(content)
  File "<string>", line 39, in <module>
  File "/apps/gb/PSI4/1.4.0/lib//python3.6/site-packages/psi4/driver/driver.py", line 1178, in optimize
    raise OptimizationConvergenceError("""geometry optimization""", n - 1, wfn)

psi4.driver.p4util.exceptions.OptimizationConvergenceError: Could not converge geometry optimization in 50 iterations.

Printing out the relevant lines from the Psithon --> Python processed input file:
    core.set_global_option("REFERENCE", "uks")
    core.set_global_option("BASIS", "aug-cc-pvtz")
    core.set_global_option("G_CONVERGENCE", "gau_verytight")
    core.set_global_option("DFT_SPHERICAL_POINTS", 590)
    core.set_global_option("DFT_RADIAL_POINTS", 99)
--> optimize('wb97x-d')
    frequencies('wb97x-d')

 7 8 9 8Traceback (most recent call last):
  File "/apps/gb/PSI4/1.4.0/bin/psi4", line 331, in <module>
    exec(content)
  File "<string>", line 39, in <module>
  File "/apps/gb/PSI4/1.4.0/lib//python3.6/site-packages/psi4/driver/driver.py", line 1178, in optimize
    raise OptimizationConvergenceError("""geometry optimization""", n - 1, wfn)

psi4.driver.p4util.exceptions.OptimizationConvergenceError: Could not converge geometry optimization in 50 iterations.

Printing out the relevant lines from the Psithon --> Python processed input file:
    core.set_global_option("REFERENCE", "uks")
    core.set_global_option("BASIS", "aug-cc-pvtz")
    core.set_global_option("G_CONVERGENCE", "gau_verytight")
    core.set_global_option("DFT_SPHERICAL_POINTS", 590)
    core.set_global_option("DFT_RADIAL_POINTS", 99)
--> optimize('wb97x-d')
    frequencies('wb97x-d')

 10 9 11 10 12 11 13
Traceback (most recent call last):
  File "/apps/gb/PSI4/1.4.0/bin/psi4", line 331, in <module>
    exec(content)
  File "<string>", line 39, in <module>
  File "/apps/gb/PSI4/1.4.0/lib//python3.6/site-packages/psi4/driver/driver.py", line 1178, in optimize
    raise OptimizationConvergenceError("""geometry optimization""", n - 1, wfn)

psi4.driver.p4util.exceptions.OptimizationConvergenceError: Could not converge geometry optimization in 50 iterations.

Printing out the relevant lines from the Psithon --> Python processed input file:
    core.set_global_option("REFERENCE", "uks")
    core.set_global_option("BASIS", "aug-cc-pvtz")
    core.set_global_option("G_CONVERGENCE", "gau_verytight")
    core.set_global_option("DFT_SPHERICAL_POINTS", 590)
    core.set_global_option("DFT_RADIAL_POINTS", 99)
--> optimize('wb97x-d')
    frequencies('wb97x-d')

 12 13 displacements needed ... 1 2 13
 3 4 5 13 displacements needed ... 1 6 7 2 8 3 9 4 10 5 11 6 12 7 13
 8 13 displacements needed ... 1 9 10 2 11 3 12 4 13
 5 13 displacements needed ... 1 6 7 2 8 3 9 4 10 5 11 6 12 7 13
 8 13 displacements needed ... 1 9 10 2 11 3 4 12 5 13
 6 13 displacements needed ... 1 7 8 2 3 9 4 10 5 11 6 12 7 13
 8 13 displacements needed ... 1 9 10 11 2 3 12 4 13
 13 displacements needed ... 1 5 6 2 7 3 4 8 5 9 6 10 7 8 11 9 12 13
 10 13 displacements needed ... 1 11 12 13
 2 13 displacements needed ... 1 3 4 2 5 3 6 4 7 5 8 6 9 7 10 8 11 12 9 13
 10 13 displacements needed ... 1 11 12 13
 2 13 displacements needed ... 1 3 4 2 5 3 6 4 7 8 5 9 6 10 7 11 8 12 13
 9 13 displacements needed ... 1 10 11 12 2 3 13
 4 13 displacements needed ... 1 5 6 7 2 8 3 9 10 4 11 5 12 13
 6 13 displacements needed ... 1 7 8 9 10 2 3 11 4 12 5 13
 6 13 displacements needed ... 1 7 8 2 9 10 3 11 4 12 5 13
 6 13 displacements needed ... 1 7 8 9 2 3 10 4 11 5 12 6 13
 7 8 13 displacements needed ... 1 9 2 10 3 11 4 12 13
 5 13 displacements needed ... 1 6 7 8 2 9 3 10 4 5 11 6 12 7 8 13
 9 13 displacements needed ... 1 10 11 2 12 3 13
 4 13 displacements needed ... 1 5 6 2 3 7 4 8 5 6 9 7 10 8 9 11 10 12 11 13
 12 13
 13 displacements needed ... 1 13 displacements needed ... 1 2 3 4 2 3 5 4 5 6 6 7 7 8 8 9 9 10 10 11 12 11 13
 12 13 displacements needed ... 1 13
 13 displacements needed ... 1 2 3 2 4 3 5 6 4 7 5 8 9 6 10 7 11 8 12 13
 9 13 displacements needed ... 1 10 2 3 11 4 12 5 6 13
 7 13 displacements needed ... 1 8 9 2 10 3 11 12 4 13
 5 13 displacements needed ... 1 6 2 7 3 8 4 5 9 6 10 7 11 8 9 12 10 13
 11 13 displacements needed ... 1 12 2 13
 3 13 displacements needed ... 1 4 5 2 3 6 4 7 5 6 8 7 9 8 9 10 10 11 11 12 12 13
 13
 13 displacements needed ... 1 13 displacements needed ... 1 2 2 3 3 4 4 5 5 6 7 6 8 7 9 8 10 11 9 12 10 13
 13 displacements needed ... 1 11 12 2 13
 3 13 displacements needed ... 1 4 5 2 6 3 7 4 8 9 5 10 6 11 12 7 13
 8 13 displacements needed ... 1 9 2 10 3 11 4 5 12 6 13
 7 13 displacements needed ... 1 8 9 2 10 3 11 4 12 13
 5 13 displacements needed ... 1 6 7 2 8 3 4 9 5 6 10 7 11