Traceback (most recent call last):
  File "/apps/gb/PSI4/1.4.0/bin/psi4", line 331, in <module>
    exec(content)
  File "<string>", line 32, in <module>
  File "/apps/gb/PSI4/1.4.0/lib//python3.6/site-packages/psi4/driver/driver.py", line 1071, in optimize
    G, wfn = gradient(lowername, return_wfn=True, molecule=moleculeclone, **kwargs)
  File "/apps/gb/PSI4/1.4.0/lib//python3.6/site-packages/psi4/driver/driver.py", line 707, in gradient
    wfn = procedures['gradient'][lowername](lowername, molecule=molecule, **kwargs)
  File "/apps/gb/PSI4/1.4.0/lib//python3.6/site-packages/psi4/driver/procrouting/proc.py", line 2172, in run_scf_gradient
    ref_wfn = run_scf(name, **kwargs)
  File "/apps/gb/PSI4/1.4.0/lib//python3.6/site-packages/psi4/driver/procrouting/proc.py", line 2077, in run_scf
    scf_wfn = scf_helper(name, post_scf=False, **kwargs)
  File "/apps/gb/PSI4/1.4.0/lib//python3.6/site-packages/psi4/driver/procrouting/proc.py", line 1395, in scf_helper
    e_scf = scf_wfn.compute_energy()
  File "/apps/gb/PSI4/1.4.0/lib//python3.6/site-packages/psi4/driver/procrouting/scf_proc/scf_iterator.py", line 93, in scf_compute_energy
    raise e
  File "/apps/gb/PSI4/1.4.0/lib//python3.6/site-packages/psi4/driver/procrouting/scf_proc/scf_iterator.py", line 86, in scf_compute_energy
    self.iterations()
  File "/apps/gb/PSI4/1.4.0/lib//python3.6/site-packages/psi4/driver/procrouting/scf_proc/scf_iterator.py", line 460, in scf_iterate
    raise SCFConvergenceError("""SCF iterations""", self.iteration_, self, Ediff, Dnorm)

psi4.driver.p4util.exceptions.SCFConvergenceError: Could not converge SCF iterations in 100 iterations.

Printing out the relevant lines from the Psithon --> Python processed input file:
    A1 = 120.0
    """)
    core.IO.set_default_namespace("")
    core.set_global_option("REFERENCE", "uks")
    core.set_global_option("BASIS", "aug-cc-pvtz")
--> optimize('m06')

