

c: [-1.0]
fc: [-1.0]
m: [1]
fm: [1]
Traceback (most recent call last):
  File "/apps/gb/PSI4/1.4.0/bin/psi4", line 331, in <module>
    exec(content)
  File "<string>", line 25, in <module>
  File "/apps/gb/PSI4/1.4.0/lib//python3.6/site-packages/psi4/driver/molutil.py", line 250, in geometry
    geom, enable_qm=True, missing_enabled_return_qm='minimal', enable_efp=True, missing_enabled_return_efp='none')
  File "/apps/gb/PSI4/1.4.0/lib/python3.6/site-packages/qcelemental/molparse/from_string.py", line 267, in from_string
    **molinit,
  File "/apps/gb/PSI4/1.4.0/lib/python3.6/site-packages/qcelemental/molparse/from_arrays.py", line 127, in from_input_arrays
    verbose=1,
  File "/apps/gb/PSI4/1.4.0/lib/python3.6/site-packages/qcelemental/molparse/from_arrays.py", line 387, in from_arrays
    verbose=verbose,
  File "/apps/gb/PSI4/1.4.0/lib/python3.6/site-packages/qcelemental/molparse/chgmult.py", line 501, in validate_and_fill_chgmult
    c_final, fc_final, m_final, fm_final = reconcile(cgmp_exact_c, cgmp_exact_fc, cgmp_exact_m, cgmp_exact_fm)
  File "/apps/gb/PSI4/1.4.0/lib/python3.6/site-packages/qcelemental/molparse/chgmult.py", line 491, in reconcile
    raise ValidationError(err)

qcelemental.exceptions.ValidationError: Inconsistent or unspecified chg/mult: sys chg: None, frag chg: [-1.0], sys mult: None, frag mult: [1]

Printing out the relevant lines from the Psithon --> Python processed input file:
    geometry("""
    -1 1
    S
    S 1 r1
    r1 = 2.0
--> """)
    core.IO.set_default_namespace("")
    core.set_global_option("REFERENCE", "uks")
    core.set_global_option("BASIS", "aug-cc-pvtz")
    core.set_global_option("G_CONVERGENCE", "gau_verytight")
    core.set_global_option("DFT_SPHERICAL_POINTS", 590)



c: [-1.0]
fc: [-1.0]
m: [1]
fm: [1]
Traceback (most recent call last):
  File "/apps/gb/PSI4/1.4.0/bin/psi4", line 331, in <module>
    exec(content)
  File "<string>", line 25, in <module>
  File "/apps/gb/PSI4/1.4.0/lib//python3.6/site-packages/psi4/driver/molutil.py", line 250, in geometry
    geom, enable_qm=True, missing_enabled_return_qm='minimal', enable_efp=True, missing_enabled_return_efp='none')
  File "/apps/gb/PSI4/1.4.0/lib/python3.6/site-packages/qcelemental/molparse/from_string.py", line 267, in from_string
    **molinit,
  File "/apps/gb/PSI4/1.4.0/lib/python3.6/site-packages/qcelemental/molparse/from_arrays.py", line 127, in from_input_arrays
    verbose=1,
  File "/apps/gb/PSI4/1.4.0/lib/python3.6/site-packages/qcelemental/molparse/from_arrays.py", line 387, in from_arrays
    verbose=verbose,
  File "/apps/gb/PSI4/1.4.0/lib/python3.6/site-packages/qcelemental/molparse/chgmult.py", line 501, in validate_and_fill_chgmult
    c_final, fc_final, m_final, fm_final = reconcile(cgmp_exact_c, cgmp_exact_fc, cgmp_exact_m, cgmp_exact_fm)
  File "/apps/gb/PSI4/1.4.0/lib/python3.6/site-packages/qcelemental/molparse/chgmult.py", line 491, in reconcile
    raise ValidationError(err)

qcelemental.exceptions.ValidationError: Inconsistent or unspecified chg/mult: sys chg: None, frag chg: [-1.0], sys mult: None, frag mult: [1]

Printing out the relevant lines from the Psithon --> Python processed input file:
    geometry("""
    -1 1
    S
    S 1 r1
    r1 = 2.0
--> """)
    core.IO.set_default_namespace("")
    core.set_global_option("REFERENCE", "uks")
    core.set_global_option("BASIS", "aug-cc-pvtz")
    core.set_global_option("G_CONVERGENCE", "gau_verytight")
    core.set_global_option("DFT_SPHERICAL_POINTS", 590)

Performing finite difference calculations
 3 displacements needed ... 1Performing finite difference calculations
 3 displacements needed ... 1Performing finite difference calculations
 3 displacements needed ... 1Performing finite difference calculations
 3 displacements needed ... 1Performing finite difference calculations
 3 displacements needed ... 1Performing finite difference calculations
 3 displacements needed ... 1 2 2 2 2 2 2 3
 3
 3
 3
 3
 3
 3 displacements needed ... 1 3 displacements needed ... 1 3 displacements needed ... 1 3 displacements needed ... 1 3 displacements needed ... 1Optimizer: Optimization complete!
 3 displacements needed.
 1 2 2Optimizer: Optimization complete!
 3 displacements needed.
 1 2 2 2 2 3 displacements needed ... 1 3
 3
 2 3
 3
 3
 3
 2 3 displacements needed ... 1 3
 3 displacements needed ... 1 3 displacements needed ... 1 3 displacements needed ... 1 3 displacements needed ... 1Warning: used thermodynamics relations inappropriate for low-frequency modes: ['443.8588']
 3
 2 2 2 2 2 3 displacements needed ... 1 3
 3
 3
 3
 3
 3 displacements needed ... 1 3 displacements needed ... 1 3 displacements needed ... 1 3 displacements needed ... 1 3 displacements needed ... 1 2 2 2 2 2 2 3
 3
 3
 3
 3
 3
 3 displacements needed ... 1Optimizer: Optimization complete!
Performing finite difference calculations
 3 displacements needed ... 1Optimizer: Optimization complete!
Performing finite difference calculations
 3 displacements needed ... 1Optimizer: Optimization complete!
Performing finite difference calculations
 3 displacements needed ... 1Optimizer: Optimization complete!
Performing finite difference calculations
 3 displacements needed ... 1 3 displacements needed ... 1 2 2 2 2 2 2 3
 3
 3 displacements needed ... 1 3
 3
 3
 3 displacements needed ... 1 3
 2 2 3 displacements needed.
 1 3 displacements needed.
 1 3 displacements needed.
 1 3 displacements needed.
 1 3
 3
 3 displacements needed ... 1 3 displacements needed ... 1 2 2 2 2 2 2 3
 3
 3
 3
 3
 3
Optimizer: Optimization complete!
Performing finite difference calculations
 3 displacements needed ... 1 3 displacements needed ... 1 2 2Warning: used thermodynamics relations inappropriate for low-frequency modes: ['608.3430']
Warning: used thermodynamics relations inappropriate for low-frequency modes: ['607.8025']
Warning: used thermodynamics relations inappropriate for low-frequency modes: ['609.3419']
Warning: used thermodynamics relations inappropriate for low-frequency modes: ['609.7726']
 3
 3
Optimizer: Optimization complete!
Performing finite difference calculations
 3 displacements needed ... 1 3 displacements needed.
 1 2 2 3
 3
 3 displacements needed.
 1 2 3
Warning: used thermodynamics relations inappropriate for low-frequency modes: ['441.6558']
