Performing finite difference calculations
 7 displacements needed ... 1 2 3 4 5 6 7
 7 displacements needed ... 1 2 3 4 5 6 7
 7 displacements needed ... 1 2 3 4 5 6 7
 7 displacements needed ... 1 2 3 4 5 6 7
 7 displacements needed ... 1 2 3 4 5 6 7
 7 displacements needed ... 1 2 3 4 5 6 7
 7 displacements needed ... 1 2 3 4 5 6 7
 7 displacements needed ... 1 2 3 4 5 6 7
 7 displacements needed ... 1 2 3 4 5 6 7
 7 displacements needed ... 1 2 3 4 5 6 7
 7 displacements needed ... 1 2 3 4 5 6 7
 7 displacements needed ... 1 2 3 4 5 6 7
 7 displacements needed ... 1 2 3 4 5 6 7
 7 displacements needed ... 1 2 3 4 5 6 7
 7 displacements needed ... 1 2 3 4 5 6 7
 7 displacements needed ... 1 2 3 4 5 6 7
 7 displacements needed ... 1 2 3 4 5 6 7
 7 displacements needed ... 1 2 3 4 5 6 7
 7 displacements needed ... 1 2 3 4 5 6 7
 7 displacements needed ... 1 2 3 4 5 6 7
 7 displacements needed ... 1 2 3 4 5 6 7
 7 displacements needed ... 1 2 3 4 5 6 7
 7 displacements needed ... 1 2 3 4 5 6 7
 7 displacements needed ... 1 2 3 4 5 6 7
 7 displacements needed ... 1 2 3 4 5 6 7
 7 displacements needed ... 1 2 3 4 5 6 7
 7 displacements needed ... 1 2 3 4 5 6 7
 7 displacements needed ... 1 2 3 4 5 6 7
 7 displacements needed ... 1 2 3 4 5 6 7
 7 displacements needed ... 1 2 3 4 5 6 7
 7 displacements needed ... 1 2 3 4 5 6 7
 7 displacements needed ... 1 2 3 4 5 6 7
 7 displacements needed ... 1 2 3 4 5 6 7
 7 displacements needed ... 1 2 3 4 5 6 7
 7 displacements needed ... 1 2 3 4 5 6 7
 7 displacements needed ... 1 2 3 4 5 6 7
 7 displacements needed ... 1 2 3 4 5 6 7
 7 displacements needed ... 1 2 3 4 5 6 7
 7 displacements needed ... 1 2 3 4 5 6 7
 7 displacements needed ... 1 2 3 4 5 6 7
 7 displacements needed ... 1 2 3 4 5 6 7
 7 displacements needed ... 1 2 3 4 5 6 7
 7 displacements needed ... 1 2 3 4 5 6 7
 7 displacements needed ... 1 2 3 4 5 6 7
 7 displacements needed ... 1 2 3 4 5 6 7
 7 displacements needed ... 1 2 3 4 5 6 7
 7 displacements needed ... 1 2 3 4 5 6 7
 7 displacements needed ... 1 2 3 4 5 6 7
 7 displacements needed ... 1 2 3 4 5 6 7
 7 displacements needed ... 1 2 3 4 5 6 7
 7 displacements needed ... 1 2 3 4 5 6 7
 7 displacements needed ... 1 2 3 4 5 6 7
 7 displacements needed ... 1 2 3 4 5 6 7
 7 displacements needed ... 1 2 3 4 5 6 7
 7 displacements needed ... 1 2 3 4 5 6 7
 7 displacements needed ... 1 2 3 4 5 6 7
 7 displacements needed ... 1 2 3 4 5 6 7
 7 displacements needed ... 1 2 3 4 5 6 7
 7 displacements needed ... 1 2 3 4 5 6 7
 7 displacements needed ... 1 2 3 4 5 6 7
 7 displacements needed ... 1 2 3 4 5 6 7
 7 displacements needed ... 1 2 3 4 5 6 7
 7 displacements needed ... 1 2 3 4 5 6 7
 7 displacements needed ... 1 2 3 4 5 6 7
 7 displacements needed ... 1 2 3 4 5 6 7
 7 displacements needed ... 1 2 3 4 5 6 7
 7 displacements needed ... 1 2 3 4 5 6 7
 7 displacements needed ... 1 2 3 4 5 6 7
 7 displacements needed ... 1 2 3 4 5 6 7
 7 displacements needed ... 1 2 3 4 5 6 7
 7 displacements needed ... 1 2 3 4 5 6 7
 7 displacements needed ... 1 2 3 4 5 6 7
 7 displacements needed ... 1 2 3 4 5 6 7
 7 displacements needed ... 1 2 3 4 5 6 7
 7 displacements needed ... 1 2 3 4 5 6 7
 7 displacements needed ... 1 2 3 4 5 6 7
 7 displacements needed ... 1 2 3 4 5 6 7
 7 displacements needed ... 1 2 3 4 5 6 7
 7 displacements needed ... 1 2 3 4 5 6 7
 7 displacements needed ... 1 2 3 4 5 6 7
 7 displacements needed ... 1 2 3 4 5 6 7
 7 displacements needed ... 1 2 3 4 5 6 7
 7 displacements needed ... 1 2 3 4 5 6 7
 7 displacements needed ... 1 2 3 4 5 6 7
 7 displacements needed ... 1 2 3 4 5 6 7
 7 displacements needed ... 1 2 3 4 5 6 7
 7 displacements needed ... 1 2 3 4 5 6 7
Optimizer: Optimization complete!
Performing finite difference calculations
 7 displacements needed ... 1 2 3 4 5 6 7
 13 displacements needed.
 1 2 3 4 5 6 7 8 9 10 11 12 13
Warning: used thermodynamics relations inappropriate for low-frequency modes: ['135.2740' '209.5446' '610.7732']
