Performing finite difference calculations
 7 displacements needed ... 1 2 3 4 5 6 7
 7 displacements needed ... 1 2 3 4 5 6 7
 7 displacements needed ... 1 2 3 4 5 6 7
 7 displacements needed ... 1 2 3 4 5 6 7
 7 displacements needed ... 1 2 3 4 5 6 7
 7 displacements needed ... 1 2 3 4 5 6 7
 7 displacements needed ... 1 2 3 4 5 6 7
 7 displacements needed ... 1 2 3 4 5 6 7
 7 displacements needed ... 1 2 3 4 5 6 7
 7 displacements needed ... 1 2 3 4 5 6 7
 7 displacements needed ... 1 2 3 4 5 6 7
 7 displacements needed ... 1 2 3 4 5 6 7
 7 displacements needed ... 1 2 3 4 5 6 7
 7 displacements needed ... 1 2 3 4 5 6 7
 7 displacements needed ... 1 2 3 4 5 6 7
 7 displacements needed ... 1 2 3 4 5 6 7
 7 displacements needed ... 1 2 3 4 5 6 7
 7 displacements needed ... 1 2 3 4 5 6 7
 7 displacements needed ... 1 2 3 4 5 6 7
 7 displacements needed ... 1 2 3 4 5 6 7
 7 displacements needed ... 1 2 3 4 5 6 7
 7 displacements needed ... 1 2 3 4 5 6 7
 7 displacements needed ... 1 2 3 4 5 6 7
 7 displacements needed ... 1 2 3 4 5 6 7
 7 displacements needed ... 1 2 3 4 5 6 7
 7 displacements needed ... 1 2 3 4 5 6 7
 7 displacements needed ... 1 2 3 4 5 6 7
 7 displacements needed ... 1 2 3 4 5 6 7
 7 displacements needed ... 1 2 3 4 5 6 7
 7 displacements needed ... 1 2 3 4 5 6 7
 7 displacements needed ... 1 2 3 4 5 6 7
 7 displacements needed ... 1 2 3 4 5 6 7
 7 displacements needed ... 1 2 3 4 5 6 7
 7 displacements needed ... 1 2 3 4 5 6 7
 7 displacements needed ... 1 2 3 4 5 6 7
 7 displacements needed ... 1 2 3 4 5 6 7
 7 displacements needed ... 1 2 3 4 5 6 7
 7 displacements needed ... 1 2 3 4 5 6 7
 7 displacements needed ... 1 2 3 4 5 6 7
 7 displacements needed ... 1 2 3 4 5 6 7
 7 displacements needed ... 1 2 3 4 5 6 7
 7 displacements needed ... 1 2 3 4 5 6 7
 7 displacements needed ... 1 2 3 4 5 6 7
 7 displacements needed ... 1 2 3 4 5 6 7
 7 displacements needed ... 1 2 3 4 5 6 7
 7 displacements needed ... 1 2 3 4 5 6 7
 7 displacements needed ... 1 2 3 4 5 6 7
 7 displacements needed ... 1 2 3 4 5 6 7
 7 displacements needed ... 1 2 3 4 5 6 7
 7 displacements needed ... 1 2 3 4 5 6 7
 7 displacements needed ... 1 2 3 4 5 6 7
 7 displacements needed ... 1 2 3 4 5 6 7
 7 displacements needed ... 1 2 3 4 5 6 7
 7 displacements needed ... 1 2 3 4 5 6 7
 7 displacements needed ... 1 2 3 4 5 6 7
 7 displacements needed ... 1 2 3 4 5 6 7
 7 displacements needed ... 1 2 3 4 5 6 7
 7 displacements needed ... 1 2 3 4 5 6 7
 7 displacements needed ... 1 2 3 4 5 6 7
 7 displacements needed ... 1 2 3 4 5 6 7
 7 displacements needed ... 1 2 3 4 5 6 7
 7 displacements needed ... 1 2 3 4 5 6 7
 7 displacements needed ... 1 2 3 4 5 6 7
 7 displacements needed ... 1 2 3 4 5 6 7
 7 displacements needed ... 1 2 3 4 5 6 7
 7 displacements needed ... 1 2 3 4 5 6 7
 7 displacements needed ... 1 2 3 4 5 6 7
 7 displacements needed ... 1 2 3 4 5 6 7
 7 displacements needed ... 1 2 3 4 5 6 7
 7 displacements needed ... 1 2 3 4 5 6 7
 7 displacements needed ... 1 2 3 4 5 6 7
 7 displacements needed ... 1 2 3 4 5 6 7
 7 displacements needed ... 1 2 3 4 5 6 7
 7 displacements needed ... 1 2 3 4 5 6 7
 7 displacements needed ... 1 2 3 4 5 6 7
 7 displacements needed ... 1 2 3 4 5 6 7
 7 displacements needed ... 1 2 3 4 5 6 7
 7 displacements needed ... 1 2 3 4 5 6 7
 7 displacements needed ... 1 2 3 4 5 6 7
 7 displacements needed ... 1 2 3 4 5 6 7
 7 displacements needed ... 1 2 3 4 5 6 7
 7 displacements needed ... 1 2 3 4 5 6 7
 7 displacements needed ... 1 2 3 4 5 6 7
 7 displacements needed ... 1 2 3 4 5 6 7
 7 displacements needed ... 1 2 3 4 5 6 7
 7 displacements needed ... 1 2 3 4 5 6 7
 7 displacements needed ... 1 2 3 4 5 6 7
 7 displacements needed ... 1 2 3 4 5 6 7
 7 displacements needed ... 1 2 3 4 5 6 7
 7 displacements needed ... 1 2 3 4 5 6 7
 7 displacements needed ... 1 2 3 4 5 6 7
 7 displacements needed ... 1 2 3 4 5 6 7
 7 displacements needed ... 1 2 3 4 5 6 7
 7 displacements needed ... 1 2 3 4 5 6 7
 7 displacements needed ... 1 2 3 4 5 6 7
 7 displacements needed ... 1 2 3 4 5 6 7
 7 displacements needed ... 1 2 3 4 5 6 7
 7 displacements needed ... 1 2 3 4 5 6 7
 7 displacements needed ... 1 2 3 4 5 6 7
 7 displacements needed ... 1 2 3 4 5 6 7
Traceback (most recent call last):
  File "/apps/gb/PSI4/1.4.0/bin/psi4", line 331, in <module>
    exec(content)
  File "<string>", line 232, in <module>
  File "/apps/gb/PSI4/1.4.0/lib//python3.6/site-packages/psi4/driver/driver.py", line 1178, in optimize
    raise OptimizationConvergenceError("""geometry optimization""", n - 1, wfn)

psi4.driver.p4util.exceptions.OptimizationConvergenceError: Could not converge geometry optimization in 100 iterations.

Printing out the relevant lines from the Psithon --> Python processed input file:
    core.set_global_option("REFERENCE", "uks")
    core.set_global_option("G_CONVERGENCE", "gau_verytight")
    core.set_global_option("DFT_SPHERICAL_POINTS", 590)
    core.set_global_option("DFT_RADIAL_POINTS", 99)
    core.set_global_option("GEOM_MAXITER", 100)
--> optimize('wb97m-v')
    frequencies('wb97m-v')

