Performing finite difference calculations
 5 displacements needed ... 1 2 3 4 5
 5 displacements needed ... 1 2 3 4 5
 5 displacements needed ... 1 2 3 4 5
 5 displacements needed ... 1 2 3 4 5
 5 displacements needed ... 1 2 3 4 5
 5 displacements needed ... 1 2 3 4 5
 5 displacements needed ... 1 2 3 4 5
 5 displacements needed ... 1 2 3 4 5
 5 displacements needed ... 1 2 3 4 5
 5 displacements needed ... 1 2 3 4 5
 5 displacements needed ... 1 2 3 4 5
 5 displacements needed ... 1 2 3 4 5
 5 displacements needed ... 1 2 3 4 5
 5 displacements needed ... 1 2 3 4 5
 5 displacements needed ... 1 2 3 4 5
 5 displacements needed ... 1 2 3 4 5
 5 displacements needed ... 1 2 3 4 5
 5 displacements needed ... 1 2 3 4 5
 5 displacements needed ... 1 2 3 4 5
 5 displacements needed ... 1 2 3 4 5
 5 displacements needed ... 1 2 3 4 5
 5 displacements needed ... 1 2 3 4 5
 5 displacements needed ... 1 2 3 4 5
 5 displacements needed ... 1 2 3 4 5
 5 displacements needed ... 1 2 3 4 5
 5 displacements needed ... 1 2 3 4 5
 5 displacements needed ... 1 2 3 4 5
 5 displacements needed ... 1 2 3 4 5
 5 displacements needed ... 1 2 3 4 5
 5 displacements needed ... 1 2 3 4 5
 5 displacements needed ... 1 2 3 4 5
 5 displacements needed ... 1 2 3 4 5
 5 displacements needed ... 1 2 3 4 5
 5 displacements needed ... 1 2 3 4 5
Optimizer: Optimization complete!
Performing finite difference calculations
 5 displacements needed ... 1 2 3 4 5
 9 displacements needed.
 1 2 3 4 5 6 7 8 9
Warning: thermodynamics relations excluded imaginary frequencies: ['79.2848i' '73.5581i']
Warning: used thermodynamics relations inappropriate for low-frequency modes: ['204.4612']
